Rebuild/intermediates/manifest_merge_blame_file/debug/processDebugMainManifest/manifest-merger-blame-debug-report.txt
1<?xml version="1.0" encoding="utf-8"?>
2<manifest xmlns:android="http://schemas.android.com/apk/res/android"
3    package="com.example.myapplication"
4    android:versionCode="1"
5    android:versionName="1.0" >
6
7    <uses-sdk
8        android:minSdkVersion="26"
9        android:targetSdkVersion="35" />
10
11    <uses-permission android:name="android.permission.INTERNET" />
11-->[com.google.firebase:firebase-auth:24.0.1] AndroidManifest.xml:25:5-67
11-->[com.google.firebase:firebase-auth:24.0.1] AndroidManifest.xml:25:22-64
12    <uses-permission android:name="android.permission.ACCESS_NETWORK_STATE" />
12-->[com.google.firebase:firebase-auth:24.0.1] AndroidManifest.xml:26:5-79
12-->[com.google.firebase:firebase-auth:24.0.1] AndroidManifest.xml:26:22-76
13    <uses-permission android:name="android.permission.WAKE_LOCK" />
13-->[com.google.android.gms:play-services-measurement:23.0.0] AndroidManifest.xml:25:5-68
13-->[com.google.android.gms:play-services-measurement:23.0.0] AndroidManifest.xml:25:22-65
14    <uses-permission android:name="com.google.android.finsky.permission.BIND_GET_INSTALL_REFERRER_SERVICE" />
14-->[com.google.android.gms:play-services-measurement:23.0.0] AndroidManifest.xml:26:5-110
14-->[com.google.android.gms:play-services-measurement:23.0.0] AndroidManifest.xml:26:22-107
15    <uses-permission android:name="com.google.android.gms.permission.AD_ID" />
15-->[com.google.android.gms:play-services-measurement-api:23.0.0] AndroidManifest.xml:25:5-79
15-->[com.google.android.gms:play-services-measurement-api:23.0.0] AndroidManifest.xml:25:22-76
16    <uses-permission android:name="android.permission.ACCESS_ADSERVICES_ATTRIBUTION" />
16-->[com.google.android.gms:play-services-measurement-api:23.0.0] AndroidManifest.xml:26:5-88
16-->[com.google.android.gms:play-services-measurement-api:23.0.0] AndroidManifest.xml:26:22-85
17    <uses-permission android:name="android.permission.ACCESS_ADSERVICES_AD_ID" />
17-->[com.google.android.gms:play-services-measurement-api:23.0.0] AndroidManifest.xml:27:5-82
17-->[com.google.android.gms:play-services-measurement-api:23.0.0] AndroidManifest.xml:27:22-79
18    <uses-permission android:name="com.google.android.providers.gsf.permission.READ_GSERVICES" />
18-->[com.google.android.recaptcha:recaptcha:18.6.1] AndroidManifest.xml:9:5-98
18-->[com.google.android.recaptcha:recaptcha:18.6.1] AndroidManifest.xml:9:22-95
19
20    <permission
20-->[androidx.core:core:1.13.1] AndroidManifest.xml:22:5-24:47
21        android:name="com.example.myapplication.DYNAMIC_RECEIVER_NOT_EXPORTED_PERMISSION"
21-->[androidx.core:core:1.13.1] AndroidManifest.xml:23:9-81
22        android:protectionLevel="signature" />
22-->[androidx.core:core:1.13.1] AndroidManifest.xml:24:9-44
23
24    <uses-permission android:name="com.example.myapplication.DYNAMIC_RECEIVER_NOT_EXPORTED_PERMISSION" />
24-->[androidx.core:core:1.13.1] AndroidManifest.xml:26:5-97
24-->[androidx.core:core:1.13.1] AndroidManifest.xml:26:22-94
25
26    <application
26-->src\main\AndroidManifest.xml:5:5-25:19
27        android:allowBackup="true"
27-->src\main\AndroidManifest.xml:6:9-35
28        android:appComponentFactory="androidx.core.app.CoreComponentFactory"
28-->[androidx.core:core:1.13.1] AndroidManifest.xml:28:18-86
29        android:dataExtractionRules="@xml/data_extraction_rules"
29-->src\main\AndroidManifest.xml:7:9-65
30        android:debuggable="true"
31        android:extractNativeLibs="false"
32        android:fullBackupContent="@xml/backup_rules"
32-->src\main\AndroidManifest.xml:8:9-54
33        android:icon="@mipmap/ic_launcher"
33-->src\main\AndroidManifest.xml:9:9-43
34        android:label="@string/app_name"
34-->src\main\AndroidManifest.xml:10:9-41
35        android:roundIcon="@mipmap/ic_launcher_round"
35-->src\main\AndroidManifest.xml:11:9-54
36        android:supportsRtl="true"
36-->src\main\AndroidManifest.xml:12:9-35
37        android:theme="@style/Theme.MyApplication" >
37-->src\main\AndroidManifest.xml:13:9-51
38        <activity
38-->src\main\AndroidManifest.xml:14:9-24:20
39            android:name="com.example.myapplication.MainActivity"
39-->src\main\AndroidManifest.xml:15:13-41
40            android:exported="true"
40-->src\main\AndroidManifest.xml:16:13-36
41            android:label="@string/app_name"
41-->src\main\AndroidManifest.xml:17:13-45
42            android:theme="@style/Theme.MyApplication" >
42-->src\main\AndroidManifest.xml:18:13-55
43            <intent-filter>
43-->src\main\AndroidManifest.xml:19:13-23:29
44                <action android:name="android.intent.action.MAIN" />
44-->src\main\AndroidManifest.xml:20:17-69
44-->src\main\AndroidManifest.xml:20:25-66
45
46                <category android:name="android.intent.category.LAUNCHER" />
46-->src\main\AndroidManifest.xml:22:17-77
46-->src\main\AndroidManifest.xml:22:27-74
47            </intent-filter>
48        </activity>
49
50        <service
50-->[androidx.room:room-runtime:2.6.1] AndroidManifest.xml:24:9-28:63
51            android:name="androidx.room.MultiInstanceInvalidationService"
51-->[androidx.room:room-runtime:2.6.1] AndroidManifest.xml:25:13-74
52            android:directBootAware="true"
52-->[androidx.room:room-runtime:2.6.1] AndroidManifest.xml:26:13-43
53            android:exported="false" />
53-->[androidx.room:room-runtime:2.6.1] AndroidManifest.xml:27:13-37
54
55        <activity
55-->[androidx.compose.ui:ui-tooling-android:1.7.0] AndroidManifest.xml:23:9-25:39
56            android:name="androidx.compose.ui.tooling.PreviewActivity"
56-->[androidx.compose.ui:ui-tooling-android:1.7.0] AndroidManifest.xml:24:13-71
57            android:exported="true" />
57-->[androidx.compose.ui:ui-tooling-android:1.7.0] AndroidManifest.xml:25:13-36
58        <activity
58-->[androidx.compose.ui:ui-test-manifest:1.7.0] AndroidManifest.xml:23:9-25:39
59            android:name="androidx.activity.ComponentActivity"
59-->[androidx.compose.ui:ui-test-manifest:1.7.0] AndroidManifest.xml:24:13-63
60            android:exported="true" />
60-->[androidx.compose.ui:ui-test-manifest:1.7.0] AndroidManifest.xml:25:13-36
61        <activity
61-->[com.google.firebase:firebase-auth:24.0.1] AndroidManifest.xml:29:9-46:20
62            android:name="com.google.firebase.auth.internal.GenericIdpActivity"
62-->[com.google.firebase:firebase-auth:24.0.1] AndroidManifest.xml:30:13-80
63            android:excludeFromRecents="true"
63-->[com.google.firebase:firebase-auth:24.0.1] AndroidManifest.xml:31:13-46
64            android:exported="true"
64-->[com.google.firebase:firebase-auth:24.0.1] AndroidManifest.xml:32:13-36
65            android:launchMode="singleTask"
65-->[com.google.firebase:firebase-auth:24.0.1] AndroidManifest.xml:33:13-44
66            android:theme="@android:style/Theme.Translucent.NoTitleBar" >
66-->[com.google.firebase:firebase-auth:24.0.1] AndroidManifest.xml:34:13-72
67            <intent-filter>
67-->[com.google.firebase:firebase-auth:24.0.1] AndroidManifest.xml:35:13-45:29
68                <action android:name="android.intent.action.VIEW" />
68-->[com.google.firebase:firebase-auth:24.0.1] AndroidManifest.xml:36:17-69
68-->[com.google.firebase:firebase-auth:24.0.1] AndroidManifest.xml:36:25-66
69
70                <category android:name="android.intent.category.DEFAULT" />
70-->[com.google.firebase:firebase-auth:24.0.1] AndroidManifest.xml:38:17-76
70-->[com.google.firebase:firebase-auth:24.0.1] AndroidManifest.xml:38:27-73
71                <category android:name="android.intent.category.BROWSABLE" />
71-->[com.google.firebase:firebase-auth:24.0.1] AndroidManifest.xml:39:17-78
71-->[com.google.firebase:firebase-auth:24.0.1] AndroidManifest.xml:39:27-75
72
73                <data
73-->[com.google.firebase:firebase-auth:24.0.1] AndroidManifest.xml:41:17-44:51
74                    android:host="firebase.auth"
74-->[com.google.firebase:firebase-auth:24.0.1] AndroidManifest.xml:42:21-49
75                    android:path="/"
75-->[com.google.firebase:firebase-auth:24.0.1] AndroidManifest.xml:43:21-37
76                    android:scheme="genericidp" />
76-->[com.google.firebase:firebase-auth:24.0.1] AndroidManifest.xml:44:21-48
77            </intent-filter>
78        </activity>
79        <activity
79-->[com.google.firebase:firebase-auth:24.0.1] AndroidManifest.xml:47:9-64:20
80            android:name="com.google.firebase.auth.internal.RecaptchaActivity"
80-->[com.google.firebase:firebase-auth:24.0.1] AndroidManifest.xml:48:13-79
81            android:excludeFromRecents="true"
81-->[com.google.firebase:firebase-auth:24.0.1] AndroidManifest.xml:49:13-46
82            android:exported="true"
82-->[com.google.firebase:firebase-auth:24.0.1] AndroidManifest.xml:50:13-36
83            android:launchMode="singleTask"
83-->[com.google.firebase:firebase-auth:24.0.1] AndroidManifest.xml:51:13-44
84            android:theme="@android:style/Theme.Translucent.NoTitleBar" >
84-->[com.google.firebase:firebase-auth:24.0.1] AndroidManifest.xml:52:13-72
85            <intent-filter>
85-->[com.google.firebase:firebase-auth:24.0.1] AndroidManifest.xml:53:13-63:29
86                <action android:name="android.intent.action.VIEW" />
86-->[com.google.firebase:firebase-auth:24.0.1] AndroidManifest.xml:36:17-69
86-->[com.google.firebase:firebase-auth:24.0.1] AndroidManifest.xml:36:25-66
87
88                <category android:name="android.intent.category.DEFAULT" />
88-->[com.google.firebase:firebase-auth:24.0.1] AndroidManifest.xml:38:17-76
88-->[com.google.firebase:firebase-auth:24.0.1] AndroidManifest.xml:38:27-73
89                <category android:name="android.intent.category.BROWSABLE" />
89-->[com.google.firebase:firebase-auth:24.0.1] AndroidManifest.xml:39:17-78
89-->[com.google.firebase:firebase-auth:24.0.1] AndroidManifest.xml:39:27-75
90
91                <data
91-->[com.google.firebase:firebase-auth:24.0.1] AndroidManifest.xml:41:17-44:51
92                    android:host="firebase.auth"
92-->[com.google.firebase:firebase-auth:24.0.1] AndroidManifest.xml:42:21-49
93                    android:path="/"
93-->[com.google.firebase:firebase-auth:24.0.1] AndroidManifest.xml:43:21-37
94                    android:scheme="recaptcha" />
94-->[com.google.firebase:firebase-auth:24.0.1] AndroidManifest.xml:44:21-48
95            </intent-filter>
96        </activity>
97
98        <service
98-->[com.google.firebase:firebase-auth:24.0.1] AndroidManifest.xml:66:9-72:19
99            android:name="com.google.firebase.components.ComponentDiscoveryService"
99-->[com.google.firebase:firebase-auth:24.0.1] AndroidManifest.xml:67:13-84
100            android:directBootAware="true"
100-->[com.google.firebase:firebase-common:22.0.1] AndroidManifest.xml:32:13-43
101            android:exported="false" >
101-->[com.google.firebase:firebase-auth:24.0.1] AndroidManifest.xml:68:13-37
102            <meta-data
102-->[com.google.firebase:firebase-auth:24.0.1] AndroidManifest.xml:69:13-71:85
103                android:name="com.google.firebase.components:com.google.firebase.auth.FirebaseAuthRegistrar"
103-->[com.google.firebase:firebase-auth:24.0.1] AndroidManifest.xml:70:17-109
104                android:value="com.google.firebase.components.ComponentRegistrar" />
104-->[com.google.firebase:firebase-auth:24.0.1] AndroidManifest.xml:71:17-82
105            <meta-data
105-->[com.google.firebase:firebase-firestore:26.1.1] AndroidManifest.xml:17:13-19:85
106                android:name="com.google.firebase.components:com.google.firebase.firestore.FirebaseFirestoreKtxRegistrar"
106-->[com.google.firebase:firebase-firestore:26.1.1] AndroidManifest.xml:18:17-122
107                android:value="com.google.firebase.components.ComponentRegistrar" />
107-->[com.google.firebase:firebase-firestore:26.1.1] AndroidManifest.xml:19:17-82
108            <meta-data
108-->[com.google.firebase:firebase-firestore:26.1.1] AndroidManifest.xml:20:13-22:85
109                android:name="com.google.firebase.components:com.google.firebase.firestore.FirestoreRegistrar"
109-->[com.google.firebase:firebase-firestore:26.1.1] AndroidManifest.xml:21:17-111
110                android:value="com.google.firebase.components.ComponentRegistrar" />
110-->[com.google.firebase:firebase-firestore:26.1.1] AndroidManifest.xml:22:17-82
111            <meta-data
111-->[com.google.android.gms:play-services-measurement-api:23.0.0] AndroidManifest.xml:33:13-35:85
112                android:name="com.google.firebase.components:com.google.firebase.analytics.connector.internal.AnalyticsConnectorRegistrar"
112-->[com.google.android.gms:play-services-measurement-api:23.0.0] AndroidManifest.xml:34:17-139
113                android:value="com.google.firebase.components.ComponentRegistrar" />
113-->[com.google.android.gms:play-services-measurement-api:23.0.0] AndroidManifest.xml:35:17-82
114            <meta-data
114-->[com.google.firebase:firebase-installations:19.1.0] AndroidManifest.xml:15:13-17:85
115                android:name="com.google.firebase.components:com.google.firebase.installations.FirebaseInstallationsKtxRegistrar"
115-->[com.google.firebase:firebase-installations:19.1.0] AndroidManifest.xml:16:17-130
116                android:value="com.google.firebase.components.ComponentRegistrar" />
116-->[com.google.firebase:firebase-installations:19.1.0] AndroidManifest.xml:17:17-82
117            <meta-data
117-->[com.google.firebase:firebase-installations:19.1.0] AndroidManifest.xml:18:13-20:85
118                android:name="com.google.firebase.components:com.google.firebase.installations.FirebaseInstallationsRegistrar"
118-->[com.google.firebase:firebase-installations:19.1.0] AndroidManifest.xml:19:17-127
119                android:value="com.google.firebase.components.ComponentRegistrar" />
119-->[com.google.firebase:firebase-installations:19.1.0] AndroidManifest.xml:20:17-82
120            <meta-data
120-->[com.google.firebase:firebase-common:22.0.1] AndroidManifest.xml:35:13-37:85
121                android:name="com.google.firebase.components:com.google.firebase.FirebaseCommonKtxRegistrar"
121-->[com.google.firebase:firebase-common:22.0.1] AndroidManifest.xml:36:17-109
122                android:value="com.google.firebase.components.ComponentRegistrar" />
122-->[com.google.firebase:firebase-common:22.0.1] AndroidManifest.xml:37:17-82
123        </service>
124
125        <receiver
125-->[com.google.android.gms:play-services-measurement:23.0.0] AndroidManifest.xml:29:9-33:20
126            android:name="com.google.android.gms.measurement.AppMeasurementReceiver"
126-->[com.google.android.gms:play-services-measurement:23.0.0] AndroidManifest.xml:30:13-85
127            android:enabled="true"
127-->[com.google.android.gms:play-services-measurement:23.0.0] AndroidManifest.xml:31:13-35
128            android:exported="false" >
128-->[com.google.android.gms:play-services-measurement:23.0.0] AndroidManifest.xml:32:13-37
129        </receiver>
130
131        <service
131-->[com.google.android.gms:play-services-measurement:23.0.0] AndroidManifest.xml:35:9-38:40
132            android:name="com.google.android.gms.measurement.AppMeasurementService"
132-->[com.google.android.gms:play-services-measurement:23.0.0] AndroidManifest.xml:36:13-84
133            android:enabled="true"
133-->[com.google.android.gms:play-services-measurement:23.0.0] AndroidManifest.xml:37:13-35
134            android:exported="false" />
134-->[com.google.android.gms:play-services-measurement:23.0.0] AndroidManifest.xml:38:13-37
135        <service
135-->[com.google.android.gms:play-services-measurement:23.0.0] AndroidManifest.xml:39:9-43:72
136            android:name="com.google.android.gms.measurement.AppMeasurementJobService"
136-->[com.google.android.gms:play-services-measurement:23.0.0] AndroidManifest.xml:40:13-87
137            android:enabled="true"
137-->[com.google.android.gms:play-services-measurement:23.0.0] AndroidManifest.xml:41:13-35
138            android:exported="false"
138-->[com.google.android.gms:play-services-measurement:23.0.0] AndroidManifest.xml:42:13-37
139            android:permission="android.permission.BIND_JOB_SERVICE" />
139-->[com.google.android.gms:play-services-measurement:23.0.0] AndroidManifest.xml:43:13-69
140        <service
140-->[androidx.credentials:credentials-play-services-auth:1.2.0-rc01] AndroidManifest.xml:24:9-32:19
141            android:name="androidx.credentials.playservices.CredentialProviderMetadataHolder"
141-->[androidx.credentials:credentials-play-services-auth:1.2.0-rc01] AndroidManifest.xml:25:13-94
142            android:enabled="true"
142-->[androidx.credentials:credentials-play-services-auth:1.2.0-rc01] AndroidManifest.xml:26:13-35
143            android:exported="false" >
143-->[androidx.credentials:credentials-play-services-auth:1.2.0-rc01] AndroidManifest.xml:27:13-37
144            <meta-data
144-->[androidx.credentials:credentials-play-services-auth:1.2.0-rc01] AndroidManifest.xml:29:13-31:104
145                android:name="androidx.credentials.CREDENTIAL_PROVIDER_KEY"
145-->[androidx.credentials:credentials-play-services-auth:1.2.0-rc01] AndroidManifest.xml:30:17-76
146                android:value="androidx.credentials.playservices.CredentialProviderPlayServicesImpl" />
146-->[androidx.credentials:credentials-play-services-auth:1.2.0-rc01] AndroidManifest.xml:31:17-101
147        </service>
148
149        <activity
149-->[androidx.credentials:credentials-play-services-auth:1.2.0-rc01] AndroidManifest.xml:34:9-41:20
150            android:name="androidx.credentials.playservices.HiddenActivity"
150-->[androidx.credentials:credentials-play-services-auth:1.2.0-rc01] AndroidManifest.xml:35:13-76
151            android:configChanges="orientation|screenSize|screenLayout|keyboardHidden"
151-->[androidx.credentials:credentials-play-services-auth:1.2.0-rc01] AndroidManifest.xml:36:13-87
152            android:enabled="true"
152-->[androidx.credentials:credentials-play-services-auth:1.2.0-rc01] AndroidManifest.xml:37:13-35
153            android:exported="false"
153-->[androidx.credentials:credentials-play-services-auth:1.2.0-rc01] AndroidManifest.xml:38:13-37
154            android:fitsSystemWindows="true"
154-->[androidx.credentials:credentials-play-services-auth:1.2.0-rc01] AndroidManifest.xml:39:13-45
155            android:theme="@style/Theme.Hidden" >
155-->[androidx.credentials:credentials-play-services-auth:1.2.0-rc01] AndroidManifest.xml:40:13-48
156        </activity>
157        <activity
157-->[com.google.android.gms:play-services-auth:20.7.0] AndroidManifest.xml:23:9-27:75
158            android:name="com.google.android.gms.auth.api.signin.internal.SignInHubActivity"
158-->[com.google.android.gms:play-services-auth:20.7.0] AndroidManifest.xml:24:13-93
159            android:excludeFromRecents="true"
159-->[com.google.android.gms:play-services-auth:20.7.0] AndroidManifest.xml:25:13-46
160            android:exported="false"
160-->[com.google.android.gms:play-services-auth:20.7.0] AndroidManifest.xml:26:13-37
161            android:theme="@android:style/Theme.Translucent.NoTitleBar" />
161-->[com.google.android.gms:play-services-auth:20.7.0] AndroidManifest.xml:27:13-72
162        <!--
163            Service handling Google Sign-In user revocation. For apps that do not integrate with
164            Google Sign-In, this service will never be started.
165        -->
166        <service
166-->[com.google.android.gms:play-services-auth:20.7.0] AndroidManifest.xml:33:9-37:51
167            android:name="com.google.android.gms.auth.api.signin.RevocationBoundService"
167-->[com.google.android.gms:play-services-auth:20.7.0] AndroidManifest.xml:34:13-89
168            android:exported="true"
168-->[com.google.android.gms:play-services-auth:20.7.0] AndroidManifest.xml:35:13-36
169            android:permission="com.google.android.gms.auth.api.signin.permission.REVOCATION_NOTIFICATION"
169-->[com.google.android.gms:play-services-auth:20.7.0] AndroidManifest.xml:36:13-107
170            android:visibleToInstantApps="true" />
170-->[com.google.android.gms:play-services-auth:20.7.0] AndroidManifest.xml:37:13-48
171
172        <provider
172-->[com.google.firebase:firebase-common:22.0.1] AndroidManifest.xml:23:9-28:39
173            android:name="com.google.firebase.provider.FirebaseInitProvider"
173-->[com.google.firebase:firebase-common:22.0.1] AndroidManifest.xml:24:13-77
174            android:authorities="com.example.myapplication.firebaseinitprovider"
174-->[com.google.firebase:firebase-common:22.0.1] AndroidManifest.xml:25:13-72
175            android:directBootAware="true"
175-->[com.google.firebase:firebase-common:22.0.1] AndroidManifest.xml:26:13-43
176            android:exported="false"
176-->[com.google.firebase:firebase-common:22.0.1] AndroidManifest.xml:27:13-37
177            android:initOrder="100" />
177-->[com.google.firebase:firebase-common:22.0.1] AndroidManifest.xml:28:13-36
178
179        <activity
179-->[com.google.android.gms:play-services-base:18.9.0] AndroidManifest.xml:20:9-22:45
180            android:name="com.google.android.gms.common.api.GoogleApiActivity"
180-->[com.google.android.gms:play-services-base:18.9.0] AndroidManifest.xml:20:19-85
181            android:exported="false"
181-->[com.google.android.gms:play-services-base:18.9.0] AndroidManifest.xml:22:19-43
182            android:theme="@android:style/Theme.Translucent.NoTitleBar" />
182-->[com.google.android.gms:play-services-base:18.9.0] AndroidManifest.xml:21:19-78
183
184        <meta-data
184-->[com.google.android.gms:play-services-basement:18.9.0] AndroidManifest.xml:21:9-23:69
185            android:name="com.google.android.gms.version"
185-->[com.google.android.gms:play-services-basement:18.9.0] AndroidManifest.xml:22:13-58
186            android:value="@integer/google_play_services_version" />
186-->[com.google.android.gms:play-services-basement:18.9.0] AndroidManifest.xml:23:13-66
187
188        <provider
188-->[androidx.emoji2:emoji2:1.3.0] AndroidManifest.xml:24:9-32:20
189            android:name="androidx.startup.InitializationProvider"
189-->[androidx.emoji2:emoji2:1.3.0] AndroidManifest.xml:25:13-67
190            android:authorities="com.example.myapplication.androidx-startup"
190-->[androidx.emoji2:emoji2:1.3.0] AndroidManifest.xml:26:13-68
191            android:exported="false" >
191-->[androidx.emoji2:emoji2:1.3.0] AndroidManifest.xml:27:13-37
192            <meta-data
192-->[androidx.emoji2:emoji2:1.3.0] AndroidManifest.xml:29:13-31:52
193                android:name="androidx.emoji2.text.EmojiCompatInitializer"
193-->[androidx.emoji2:emoji2:1.3.0] AndroidManifest.xml:30:17-75
194                android:value="androidx.startup" />
194-->[androidx.emoji2:emoji2:1.3.0] AndroidManifest.xml:31:17-49
195            <meta-data
195-->[androidx.lifecycle:lifecycle-process:2.8.3] AndroidManifest.xml:29:13-31:52
196                android:name="androidx.lifecycle.ProcessLifecycleInitializer"
196-->[androidx.lifecycle:lifecycle-process:2.8.3] AndroidManifest.xml:30:17-78
197                android:value="androidx.startup" />
197-->[androidx.lifecycle:lifecycle-process:2.8.3] AndroidManifest.xml:31:17-49
198            <meta-data
198-->[androidx.profileinstaller:profileinstaller:1.3.1] AndroidManifest.xml:29:13-31:52
199                android:name="androidx.profileinstaller.ProfileInstallerInitializer"
199-->[androidx.profileinstaller:profileinstaller:1.3.1] AndroidManifest.xml:30:17-85
200                android:value="androidx.startup" />
200-->[androidx.profileinstaller:profileinstaller:1.3.1] AndroidManifest.xml:31:17-49
201        </provider>
202
203        <uses-library
203-->[androidx.privacysandbox.ads:ads-adservices:1.1.0-beta11] AndroidManifest.xml:23:9-25:40
204            android:name="android.ext.adservices"
204-->[androidx.privacysandbox.ads:ads-adservices:1.1.0-beta11] AndroidManifest.xml:24:13-50
205            android:required="false" />
205-->[androidx.privacysandbox.ads:ads-adservices:1.1.0-beta11] AndroidManifest.xml:25:13-37
206
207        <receiver
207-->[androidx.profileinstaller:profileinstaller:1.3.1] AndroidManifest.xml:34:9-52:20
208            android:name="androidx.profileinstaller.ProfileInstallReceiver"
208-->[androidx.profileinstaller:profileinstaller:1.3.1] AndroidManifest.xml:35:13-76
209            android:directBootAware="false"
209-->[androidx.profileinstaller:profileinstaller:1.3.1] AndroidManifest.xml:36:13-44
210            android:enabled="true"
210-->[androidx.profileinstaller:profileinstaller:1.3.1] AndroidManifest.xml:37:13-35
211            android:exported="true"
211-->[androidx.profileinstaller:profileinstaller:1.3.1] AndroidManifest.xml:38:13-36
212            android:permission="android.permission.DUMP" >
212-->[androidx.profileinstaller:profileinstaller:1.3.1] AndroidManifest.xml:39:13-57
213            <intent-filter>
213-->[androidx.profileinstaller:profileinstaller:1.3.1] AndroidManifest.xml:40:13-42:29
214                <action android:name="androidx.profileinstaller.action.INSTALL_PROFILE" />
214-->[androidx.profileinstaller:profileinstaller:1.3.1] AndroidManifest.xml:41:17-91
214-->[androidx.profileinstaller:profileinstaller:1.3.1] AndroidManifest.xml:41:25-88
215            </intent-filter>
216            <intent-filter>
216-->[androidx.profileinstaller:profileinstaller:1.3.1] AndroidManifest.xml:43:13-45:29
217                <action android:name="androidx.profileinstaller.action.SKIP_FILE" />
217-->[androidx.profileinstaller:profileinstaller:1.3.1] AndroidManifest.xml:44:17-85
217-->[androidx.profileinstaller:profileinstaller:1.3.1] AndroidManifest.xml:44:25-82
218            </intent-filter>
219            <intent-filter>
219-->[androidx.profileinstaller:profileinstaller:1.3.1] AndroidManifest.xml:46:13-48:29
220                <action android:name="androidx.profileinstaller.action.SAVE_PROFILE" />
220-->[androidx.profileinstaller:profileinstaller:1.3.1] AndroidManifest.xml:47:17-88
220-->[androidx.profileinstaller:profileinstaller:1.3.1] AndroidManifest.xml:47:25-85
221            </intent-filter>
222            <intent-filter>
222-->[androidx.profileinstaller:profileinstaller:1.3.1] AndroidManifest.xml:49:13-51:29
223                <action android:name="androidx.profileinstaller.action.BENCHMARK_OPERATION" />
223-->[androidx.profileinstaller:profileinstaller:1.3.1] AndroidManifest.xml:50:17-95
223-->[androidx.profileinstaller:profileinstaller:1.3.1] AndroidManifest.xml:50:25-92
224            </intent-filter>
225        </receiver> <!-- The activities will be merged into the manifest of the hosting app. -->
226        <activity
226-->[com.google.android.play:core-common:2.0.3] AndroidManifest.xml:14:9-18:65
227            android:name="com.google.android.play.core.common.PlayCoreDialogWrapperActivity"
227-->[com.google.android.play:core-common:2.0.3] AndroidManifest.xml:15:13-93
228            android:exported="false"
228-->[com.google.android.play:core-common:2.0.3] AndroidManifest.xml:16:13-37
229            android:stateNotNeeded="true"
229-->[com.google.android.play:core-common:2.0.3] AndroidManifest.xml:17:13-42
230            android:theme="@style/Theme.PlayCore.Transparent" />
230-->[com.google.android.play:core-common:2.0.3] AndroidManifest.xml:18:13-62
231    </application>
232
233</manifest>